<?xml version="1.0" encoding="UTF-8"?>
<testsuites>
  <testsuite name="fastlane.lanes">
    
    
    
      
      <testcase classname="fastlane.lanes" name="0: default_platform" time="0.000371">
        
      </testcase>
    
      
      <testcase classname="fastlane.lanes" name="1: version_get_podspec" time="0.001291">
        
      </testcase>
    
      
      <testcase classname="fastlane.lanes" name="2: pod_lib_lint" time="8.447653">
        
          <failure message="/Users/qiuqixiang/.rvm/gems/ruby-2.7.0/gems/fastlane-2.171.0/fastlane/lib/fastlane/actions/actions_helper.rb:67:in `execute_action'&#10;/Users/qiuqixiang/.rvm/gems/ruby-2.7.0/gems/fastlane-2.171.0/fastlane/lib/fastlane/runner.rb:255:in `block in execute_action'&#10;/Users/qiuqixiang/.rvm/gems/ruby-2.7.0/gems/fastlane-2.171.0/fastlane/lib/fastlane/runner.rb:229:in `chdir'&#10;/Users/qiuqixiang/.rvm/gems/ruby-2.7.0/gems/fastlane-2.171.0/fastlane/lib/fastlane/runner.rb:229:in `execute_action'&#10;/Users/qiuqixiang/.rvm/gems/ruby-2.7.0/gems/fastlane-2.171.0/fastlane/lib/fastlane/runner.rb:157:in `trigger_action_by_name'&#10;/Users/qiuqixiang/.rvm/gems/ruby-2.7.0/gems/fastlane-2.171.0/fastlane/lib/fastlane/fast_file.rb:159:in `method_missing'&#10;Fastfile:32:in `block (2 levels) in parsing_binding'&#10;/Users/qiuqixiang/.rvm/gems/ruby-2.7.0/gems/fastlane-2.171.0/fastlane/lib/fastlane/lane.rb:33:in `call'&#10;/Users/qiuqixiang/.rvm/gems/ruby-2.7.0/gems/fastlane-2.171.0/fastlane/lib/fastlane/runner.rb:49:in `block in execute'&#10;/Users/qiuqixiang/.rvm/gems/ruby-2.7.0/gems/fastlane-2.171.0/fastlane/lib/fastlane/runner.rb:45:in `chdir'&#10;/Users/qiuqixiang/.rvm/gems/ruby-2.7.0/gems/fastlane-2.171.0/fastlane/lib/fastlane/runner.rb:45:in `execute'&#10;/Users/qiuqixiang/.rvm/gems/ruby-2.7.0/gems/fastlane-2.171.0/fastlane/lib/fastlane/lane_manager.rb:47:in `cruise_lane'&#10;/Users/qiuqixiang/.rvm/gems/ruby-2.7.0/gems/fastlane-2.171.0/fastlane/lib/fastlane/command_line_handler.rb:36:in `handle'&#10;/Users/qiuqixiang/.rvm/gems/ruby-2.7.0/gems/fastlane-2.171.0/fastlane/lib/fastlane/commands_generator.rb:108:in `block (2 levels) in run'&#10;/Users/qiuqixiang/.rvm/rubies/ruby-2.7.0/lib/ruby/gems/2.7.0/gems/commander-fastlane-4.4.6/lib/commander/command.rb:178:in `call'&#10;/Users/qiuqixiang/.rvm/rubies/ruby-2.7.0/lib/ruby/gems/2.7.0/gems/commander-fastlane-4.4.6/lib/commander/command.rb:153:in `run'&#10;/Users/qiuqixiang/.rvm/rubies/ruby-2.7.0/lib/ruby/gems/2.7.0/gems/commander-fastlane-4.4.6/lib/commander/runner.rb:476:in `run_active_command'&#10;/Users/qiuqixiang/.rvm/gems/ruby-2.7.0/gems/fastlane-2.171.0/fastlane_core/lib/fastlane_core/ui/fastlane_runner.rb:76:in `run!'&#10;/Users/qiuqixiang/.rvm/rubies/ruby-2.7.0/lib/ruby/gems/2.7.0/gems/commander-fastlane-4.4.6/lib/commander/delegates.rb:15:in `run!'&#10;/Users/qiuqixiang/.rvm/gems/ruby-2.7.0/gems/fastlane-2.171.0/fastlane/lib/fastlane/commands_generator.rb:352:in `run'&#10;/Users/qiuqixiang/.rvm/gems/ruby-2.7.0/gems/fastlane-2.171.0/fastlane/lib/fastlane/commands_generator.rb:41:in `start'&#10;/Users/qiuqixiang/.rvm/gems/ruby-2.7.0/gems/fastlane-2.171.0/fastlane/lib/fastlane/cli_tools_distributor.rb:119:in `take_off'&#10;/Users/qiuqixiang/.rvm/gems/ruby-2.7.0/gems/fastlane-2.171.0/bin/fastlane:23:in `&lt;top (required)&gt;'&#10;/Users/qiuqixiang/.rvm/gems/ruby-2.7.0/bin/fastlane:23:in `load'&#10;/Users/qiuqixiang/.rvm/gems/ruby-2.7.0/bin/fastlane:23:in `&lt;main&gt;'&#10;/Users/qiuqixiang/.rvm/gems/ruby-2.7.0/bin/ruby_executable_hooks:24:in `eval'&#10;/Users/qiuqixiang/.rvm/gems/ruby-2.7.0/bin/ruby_executable_hooks:24:in `&lt;main&gt;'&#10;&#10;Exit status of command 'bundle exec pod lib lint --verbose --allow-warnings' was 1 instead of 0.&#10;&#10; -&gt; WZFullscreenPopGesture  WZFullscreenPopGesture (6.0.0) - Analyzing on iOS 8.0 platform.&#10;  Preparing&#10;&#10;Analyzing dependencies&#10;&#10;Inspecting targets to integrate&#10;  Using `ARCHS` setting to build architectures of target `Pods-App`: (``)&#10;&#10;Fetching external sources&#10;-&gt; Fetching podspec for `WZFullscreenPopGesture` from `/Users/qiuqixiang/Desktop/WZKit/WZFullscreenPopGesture`&#10;&#10;Resolving dependencies of &#10;&#10;Comparing resolved specification to the sandbox manifest&#10;  A WZFullscreenPopGesture&#10;&#10;Downloading dependencies&#10;&#10;-&gt; Installing WZFullscreenPopGesture (6.0.0)&#10;  - Running pre install hooks&#10;  - Writing Lockfile in `../../../../../var/folders/9k/r6jngj7x78g5h86k_kjzrmrc0000gn/T/CocoaPods-Lint-20221125-8263-1wfbj2z-WZFullscreenPopGesture/Podfile.lock`&#10;  - Writing Manifest in `../../../../../private/var/folders/9k/r6jngj7x78g5h86k_kjzrmrc0000gn/T/CocoaPods-Lint-20221125-8263-1wfbj2z-WZFullscreenPopGesture/Pods/Manifest.lock`&#10;&#10;Generating Pods project&#10;  - Creating Pods project&#10;  - Installing files into Pods project&#10;    - Adding source files&#10;    - Adding frameworks&#10;    - Adding libraries&#10;    - Adding resources&#10;    - Adding development pod helper files&#10;    - Linking headers&#10;  - Installing Pod Targets&#10;    - Installing target `WZFullscreenPopGesture` iOS 8.0&#10;      - Generating module map file at `../../../../../private/var/folders/9k/r6jngj7x78g5h86k_kjzrmrc0000gn/T/CocoaPods-Lint-20221125-8263-1wfbj2z-WZFullscreenPopGesture/Pods/Target Support Files/WZFullscreenPopGesture/WZFullscreenPopGesture.modulemap`&#10;      - Generating umbrella header at `../../../../../private/var/folders/9k/r6jngj7x78g5h86k_kjzrmrc0000gn/T/CocoaPods-Lint-20221125-8263-1wfbj2z-WZFullscreenPopGesture/Pods/Target Support Files/WZFullscreenPopGesture/WZFullscreenPopGesture-umbrella.h`&#10;      - Generating Info.plist file at `../../../../../private/var/folders/9k/r6jngj7x78g5h86k_kjzrmrc0000gn/T/CocoaPods-Lint-20221125-8263-1wfbj2z-WZFullscreenPopGesture/Pods/Target Support Files/WZFullscreenPopGesture/WZFullscreenPopGesture-Info.plist`&#10;      - Generating dummy source at `../../../../../private/var/folders/9k/r6jngj7x78g5h86k_kjzrmrc0000gn/T/CocoaPods-Lint-20221125-8263-1wfbj2z-WZFullscreenPopGesture/Pods/Target Support Files/WZFullscreenPopGesture/WZFullscreenPopGesture-dummy.m`&#10;  - Installing Aggregate Targets&#10;    - Installing target `Pods-App` iOS 8.0&#10;      - Generating Info.plist file at `../../../../../private/var/folders/9k/r6jngj7x78g5h86k_kjzrmrc0000gn/T/CocoaPods-Lint-20221125-8263-1wfbj2z-WZFullscreenPopGesture/Pods/Target Support Files/Pods-App/Pods-App-Info.plist`&#10;      - Generating module map file at `../../../../../private/var/folders/9k/r6jngj7x78g5h86k_kjzrmrc0000gn/T/CocoaPods-Lint-20221125-8263-1wfbj2z-WZFullscreenPopGesture/Pods/Target Support Files/Pods-App/Pods-App.modulemap`&#10;      - Generating umbrella header at `../../../../../private/var/folders/9k/r6jngj7x78g5h86k_kjzrmrc0000gn/T/CocoaPods-Lint-20221125-8263-1wfbj2z-WZFullscreenPopGesture/Pods/Target Support Files/Pods-App/Pods-App-umbrella.h`&#10;      - Generating dummy source at `../../../../../private/var/folders/9k/r6jngj7x78g5h86k_kjzrmrc0000gn/T/CocoaPods-Lint-20221125-8263-1wfbj2z-WZFullscreenPopGesture/Pods/Target Support Files/Pods-App/Pods-App-dummy.m`&#10;  - Stabilizing target UUIDs&#10;  - Running post install hooks&#10;  - Writing Xcode project file to `../../../../../private/var/folders/9k/r6jngj7x78g5h86k_kjzrmrc0000gn/T/CocoaPods-Lint-20221125-8263-1wfbj2z-WZFullscreenPopGesture/Pods/Pods.xcodeproj`&#10;  Cleaning up sandbox directory&#10;&#10;Integrating client project&#10;&#10;[!] Please close any current Xcode sessions and use `App.xcworkspace` for this project from now on.&#10;&#10;Integrating target `Pods-App` (`../../../../../var/folders/9k/r6jngj7x78g5h86k_kjzrmrc0000gn/T/CocoaPods-Lint-20221125-8263-1wfbj2z-WZFullscreenPopGesture/App.xcodeproj` project)&#10;  Adding Build Phase '[CP] Embed Pods Frameworks' to project.&#10;  Adding Build Phase '[CP] Check Pods Manifest.lock' to project.&#10;  - Running post integrate hooks&#10;&#10;-&gt; Pod installation complete! There is 1 dependency from the Podfile and 1 total pod installed.&#10;  Building with `xcodebuild`.&#10;    $ /usr/bin/xcodebuild clean build -workspace /var/folders/9k/r6jngj7x78g5h86k_kjzrmrc0000gn/T/CocoaPods-Lint-20221125-8263-1wfbj2z-WZFullscreenPopGesture/App.xcworkspace -scheme App -configuration Release CODE_SIGN_IDENTITY=- -sdk iphonesimulator -destination id=9FF87AE3-012C-4E66-8A8A-30770EABB31F&#10;    ** BUILD FAILED **&#10;    &#10;    Command line invocation:&#10;        /Applications/Xcode.app/Contents/Developer/usr/bin/xcodebuild clean build -workspace /var/folders/9k/r6jngj7x78g5h86k_kjzrmrc0000gn/T/CocoaPods-Lint-20221125-8263-1wfbj2z-WZFullscreenPopGesture/App.xcworkspace -scheme App -configuration Release CODE_SIGN_IDENTITY=- -sdk iphonesimulator -destination id=9FF87AE3-012C-4E66-8A8A-30770EABB31F&#10;    &#10;    User defaults from command line:&#10;        IDEPackageSupportUseBuiltinSCM = YES&#10;    &#10;    Build settings from command line:&#10;        CODE_SIGN_IDENTITY = -&#10;        SDKROOT = iphonesimulator16.1&#10;    &#10;    note: Using codesigning identity override: -&#10;    &#10;    ** CLEAN SUCCEEDED **&#10;    &#10;    Prepare packages&#10;    &#10;    note: Using codesigning identity override: -&#10;    Computing target dependency graph and provisioning inputs&#10;    &#10;    Create build description&#10;    Build description signature: e274cd092fb08322c573cb1fd004eb29&#10;    Build description path: /Users/qiuqixiang/Library/Developer/Xcode/DerivedData/App-daqauycgdoclefcjuopuwdrwnqim/Build/Intermediates.noindex/XCBuildData/e274cd092fb08322c573cb1fd004eb29-desc.xcbuild&#10;    &#10;    note: Building targets in dependency order&#10;    /var/folders/9k/r6jngj7x78g5h86k_kjzrmrc0000gn/T/CocoaPods-Lint-20221125-8263-1wfbj2z-WZFullscreenPopGesture/Pods/Pods.xcodeproj: warning: The iOS Simulator deployment target 'IPHONEOS_DEPLOYMENT_TARGET' is set to 8.0, but the range of supported deployment target versions is 11.0 to 16.1.99. (in target 'WZFullscreenPopGesture' from project 'Pods')&#10;    /var/folders/9k/r6jngj7x78g5h86k_kjzrmrc0000gn/T/CocoaPods-Lint-20221125-8263-1wfbj2z-WZFullscreenPopGesture/App.xcodeproj: warning: The iOS Simulator deployment target 'IPHONEOS_DEPLOYMENT_TARGET' is set to 8.0, but the range of supported deployment target versions is 11.0 to 16.1.99. (in target 'App' from project 'App')&#10;    error: Cannot code sign because the target does not have an Info.plist file and one is not being generated automatically. Apply an Info.plist file to the target using the INFOPLIST_FILE build setting or generate one automatically by setting the GENERATE_INFOPLIST_FILE build setting to YES (recommended). (in target 'App' from project 'App')&#10;    /var/folders/9k/r6jngj7x78g5h86k_kjzrmrc0000gn/T/CocoaPods-Lint-20221125-8263-1wfbj2z-WZFullscreenPopGesture/Pods/Pods.xcodeproj: warning: The iOS Simulator deployment target 'IPHONEOS_DEPLOYMENT_TARGET' is set to 8.0, but the range of supported deployment target versions is 11.0 to 16.1.99. (in target 'Pods-App' from project 'Pods')&#10;  Testing with `xcodebuild`.&#10; -&gt; WZFullscreenPopGesture (6.0.0)&#10;    - ERROR | [iOS] xcodebuild: Returned an unsuccessful exit code.&#10;    - NOTE  | xcodebuild:  note: Using codesigning identity override: -&#10;    - NOTE  | [iOS] xcodebuild:  note: Building targets in dependency order&#10;    - NOTE  | [iOS] xcodebuild:  Pods.xcodeproj: warning: The iOS Simulator deployment target 'IPHONEOS_DEPLOYMENT_TARGET' is set to 8.0, but the range of supported deployment target versions is 11.0 to 16.1.99. (in target 'WZFullscreenPopGesture' from project 'Pods')&#10;    - NOTE  | [iOS] xcodebuild:  /var/folders/9k/r6jngj7x78g5h86k_kjzrmrc0000gn/T/CocoaPods-Lint-20221125-8263-1wfbj2z-WZFullscreenPopGesture/App.xcodeproj: warning: The iOS Simulator deployment target 'IPHONEOS_DEPLOYMENT_TARGET' is set to 8.0, but the range of supported deployment target versions is 11.0 to 16.1.99. (in target 'App' from project 'App')&#10;    - NOTE  | [iOS] xcodebuild:  error: Cannot code sign because the target does not have an Info.plist file and one is not being generated automatically. Apply an Info.plist file to the target using the INFOPLIST_FILE build setting or generate one automatically by setting the GENERATE_INFOPLIST_FILE build setting to YES (recommended). (in target 'App' from project 'App')&#10;    - NOTE  | [iOS] xcodebuild:  Pods.xcodeproj: warning: The iOS Simulator deployment target 'IPHONEOS_DEPLOYMENT_TARGET' is set to 8.0, but the range of supported deployment target versions is 11.0 to 16.1.99. (in target 'Pods-App' from project 'Pods')&#10;&#10;[!] WZFullscreenPopGesture did not pass validation, due to 1 error.&#10;You can use the `--no-clean` option to inspect any issue.&#10;&#10;/Users/qiuqixiang/.rvm/rubies/ruby-2.7.0/lib/ruby/gems/2.7.0/gems/cocoapods-1.10.1/lib/cocoapods/command/lib/lint.rb:113:in `block in run'&#10;/Users/qiuqixiang/.rvm/rubies/ruby-2.7.0/lib/ruby/gems/2.7.0/gems/cocoapods-1.10.1/lib/cocoapods/command/lib/lint.rb:75:in `each'&#10;/Users/qiuqixiang/.rvm/rubies/ruby-2.7.0/lib/ruby/gems/2.7.0/gems/cocoapods-1.10.1/lib/cocoapods/command/lib/lint.rb:75:in `run'&#10;/Users/qiuqixiang/.rvm/rubies/ruby-2.7.0/lib/ruby/gems/2.7.0/gems/claide-1.0.3/lib/claide/command.rb:334:in `run'&#10;/Users/qiuqixiang/.rvm/rubies/ruby-2.7.0/lib/ruby/gems/2.7.0/gems/cocoapods-1.10.1/lib/cocoapods/command.rb:52:in `run'&#10;/Users/qiuqixiang/.rvm/rubies/ruby-2.7.0/lib/ruby/gems/2.7.0/gems/cocoapods-1.10.1/bin/pod:55:in `&lt;top (required)&gt;'&#10;/Users/qiuqixiang/.rvm/gems/ruby-2.7.0/bin/pod:23:in `load'&#10;/Users/qiuqixiang/.rvm/gems/ruby-2.7.0/bin/pod:23:in `&lt;main&gt;'&#10;/Users/qiuqixiang/.rvm/gems/ruby-2.7.0/bin/ruby_executable_hooks:24:in `eval'&#10;/Users/qiuqixiang/.rvm/gems/ruby-2.7.0/bin/ruby_executable_hooks:24:in `&lt;main&gt;'&#10;" />
        
      </testcase>
    
  </testsuite>
</testsuites>
